\BOOKMARK [1][-]{section.1}{Typische Probleme}{}% 1
\BOOKMARK [2][-]{subsection.1.1}{Matching}{section.1}% 2
\BOOKMARK [2][-]{subsection.1.2}{Set-Packing/Covering/Partitioning}{section.1}% 3
\BOOKMARK [2][-]{subsection.1.3}{Traveling-Salesman-Problem \(TSP\)}{section.1}% 4
\BOOKMARK [3][-]{subsubsection.1.3.1}{Typische Distanzmatrixberechnung:}{subsection.1.3}% 5
\BOOKMARK [2][-]{subsection.1.4}{Bin-Packing-Problem \(BPP\)}{section.1}% 6
\BOOKMARK [2][-]{subsection.1.5}{Rucksackproblem \(KP\)}{section.1}% 7
\BOOKMARK [1][-]{section.2}{1. Kapitel - Einf\374hrung}{}% 8
\BOOKMARK [1][-]{section.3}{2. Kapitel - Greedy Algorithmen}{}% 9
\BOOKMARK [1][-]{section.4}{3. Kapitel - L\366sungsqualit\344t und Approximation}{}% 10
\BOOKMARK [1][-]{section.5}{4. Kapitel - Lokale Suche}{}% 11
\BOOKMARK [1][-]{section.6}{5. Kapitel - Metaheuristiken}{}% 12
\BOOKMARK [2][-]{subsection.6.1}{Einf\374hrung}{section.6}% 13
\BOOKMARK [2][-]{subsection.6.2}{Iterierte Lokale Suche \(ILS\)}{section.6}% 14
\BOOKMARK [3][-]{subsubsection.6.2.1}{Idee}{subsection.6.2}% 15
\BOOKMARK [3][-]{subsubsection.6.2.2}{Algorithmus}{subsection.6.2}% 16
\BOOKMARK [3][-]{subsubsection.6.2.3}{St\344rken}{subsection.6.2}% 17
\BOOKMARK [3][-]{subsubsection.6.2.4}{Design}{subsection.6.2}% 18
\BOOKMARK [2][-]{subsection.6.3}{Variable Neighborhood Descent \(VND\)}{section.6}% 19
\BOOKMARK [3][-]{subsubsection.6.3.1}{Idee}{subsection.6.3}% 20
\BOOKMARK [3][-]{subsubsection.6.3.2}{Algorithmus}{subsection.6.3}% 21
\BOOKMARK [2][-]{subsection.6.4}{Variable Neighborhood Search \(VNS\)}{section.6}% 22
\BOOKMARK [3][-]{subsubsection.6.4.1}{Idee}{subsection.6.4}% 23
\BOOKMARK [3][-]{subsubsection.6.4.2}{Algorithmus}{subsection.6.4}% 24
\BOOKMARK [2][-]{subsection.6.5}{Tabu Search}{section.6}% 25
\BOOKMARK [3][-]{subsubsection.6.5.1}{Idee}{subsection.6.5}% 26
\BOOKMARK [3][-]{subsubsection.6.5.2}{attributives vs. explizites Ged\344chtnis}{subsection.6.5}% 27
\BOOKMARK [3][-]{subsubsection.6.5.3}{Tabu Restriktionen}{subsection.6.5}% 28
\BOOKMARK [3][-]{subsubsection.6.5.4}{Kurzzeitged\344chtnis}{subsection.6.5}% 29
\BOOKMARK [3][-]{subsubsection.6.5.5}{Anspruchskriterium}{subsection.6.5}% 30
\BOOKMARK [3][-]{subsubsection.6.5.6}{Algorithmus}{subsection.6.5}% 31
\BOOKMARK [2][-]{subsection.6.6}{Large Neighboorhood Search \(LNS\)}{section.6}% 32
\BOOKMARK [3][-]{subsubsection.6.6.1}{Idee}{subsection.6.6}% 33
\BOOKMARK [3][-]{subsubsection.6.6.2}{Algorithmus}{subsection.6.6}% 34
\BOOKMARK [3][-]{subsubsection.6.6.3}{Destroy-Operatoren}{subsection.6.6}% 35
\BOOKMARK [3][-]{subsubsection.6.6.4}{Repair-Operatoren}{subsection.6.6}% 36
\BOOKMARK [2][-]{subsection.6.7}{Adaptive Neighborhood Search \(ALNS\)}{section.6}% 37
\BOOKMARK [3][-]{subsubsection.6.7.1}{Idee}{subsection.6.7}% 38
\BOOKMARK [3][-]{subsubsection.6.7.2}{Algorithmus}{subsection.6.7}% 39
\BOOKMARK [2][-]{subsection.6.8}{Genetische Algorithmen}{section.6}% 40
\BOOKMARK [3][-]{subsubsection.6.8.1}{Ablauf}{subsection.6.8}% 41
\BOOKMARK [3][-]{subsubsection.6.8.2}{Schl\374sselfaktoren}{subsection.6.8}% 42
\BOOKMARK [3][-]{subsubsection.6.8.3}{Repr\344sentation f\374r das TSP}{subsection.6.8}% 43
\BOOKMARK [3][-]{subsubsection.6.8.4}{Crossover}{subsection.6.8}% 44
\BOOKMARK [2][-]{subsection.6.9}{Simulated Annealing \(SA\)}{section.6}% 45
\BOOKMARK [3][-]{subsubsection.6.9.1}{Idee}{subsection.6.9}% 46
\BOOKMARK [3][-]{subsubsection.6.9.2}{Metropolis}{subsection.6.9}% 47
\BOOKMARK [3][-]{subsubsection.6.9.3}{Simmulated Annealing}{subsection.6.9}% 48
\BOOKMARK [3][-]{subsubsection.6.9.4}{Verwandte Methoden zu SA}{subsection.6.9}% 49
